<?xml version="1.0" encoding="UTF-8"?>
<!-- Generated by org.testng.reporters.JUnitReportReporter -->
<testsuite hostname="DESKTOP-LR7I5H0" failures="0" tests="2" name="adminModule.AdminTest" time="0.022" errors="0" timestamp="2023-01-19T12:10:24 IST" skipped="0">
  <testcase classname="adminModule.AdminTest" name="adminLoginTest" time="0.003"/>
  <system-out>
    <![CDATA[Admin Login Is tested]]>
  </system-out>
  <testcase classname="adminModule.AdminTest" name="adminDashBoardTest" time="0.019"/>
  <system-out>
    <![CDATA[DashBoard is displayed sucessfully]]>
  </system-out>
</testsuite> <!-- adminModule.AdminTest -->
