<?xml version="1.0" encoding="UTF-8"?>
<!-- Generated by org.testng.reporters.JUnitReportReporter -->
<testsuite hostname="DESKTOP-LR7I5H0" failures="0" tests="1" name="projectPractice.AddRestaurantTest" time="0.027" errors="0" timestamp="2023-01-18T19:51:19 IST" skipped="0">
  <testcase classname="projectPractice.AddRestaurantTest" name="resturantTest" time="0.027"/>
  <system-out>
    <![CDATA[Restaurant Added Successfully]]>
  </system-out>
</testsuite> <!-- projectPractice.AddRestaurantTest -->
