<?xml version="1.0" encoding="UTF-8"?>
<!-- Generated by org.testng.reporters.JUnitReportReporter -->
<testsuite hostname="admin" failures="0" tests="1" name="UserModule.Nagbaba" time="0.022" errors="0" timestamp="2023-01-19T12:10:30 IST" skipped="0">
  <testcase classname="UserModule.Nagbaba" name="babaji_Test" time="0.022"/>
  <system-out>
    <![CDATA[baba ka swaghat new user mea]]>
  </system-out>
</testsuite> <!-- UserModule.Nagbaba -->
